This file contains any messages produced by compilers while
running configure, to aid debugging if configure makes a mistake.

It was created by myServer configure 1.0.0, which was
generated by GNU Autoconf 2.69.  Invocation command line was

  $ ./configure 

## --------- ##
## Platform. ##
## --------- ##

hostname = sjdeimac
uname -m = x86_64
uname -r = 17.3.0
uname -s = Darwin
uname -v = Darwin Kernel Version 17.3.0: Thu Nov  9 18:09:22 PST 2017; root:xnu-4570.31.3~1/RELEASE_X86_64

/usr/bin/uname -p = i386
/bin/uname -X     = unknown

/bin/arch              = unknown
/usr/bin/arch -k       = unknown
/usr/convex/getsysinfo = unknown
/usr/bin/hostinfo      = Mach kernel version:
	 Darwin Kernel Version 17.3.0: Thu Nov  9 18:09:22 PST 2017; root:xnu-4570.31.3~1/RELEASE_X86_64
Kernel configured for up to 4 processors.
4 processors are physically available.
4 processors are logically available.
Processor type: x86_64h (Intel x86-64h Haswell)
Processors active: 0 1 2 3
Primary memory available: 8.00 gigabytes
Default processor set: 340 tasks, 1153 threads, 4 processors
Load average: 2.56, Mach factor: 1.45
/bin/machine           = unknown
/usr/bin/oslevel       = unknown
/bin/universe          = unknown

PATH: /anaconda3/bin
PATH: /usr/local/bin
PATH: /Library/Developer/Toolchains/swift-latest/usr/bin
PATH: /Users/sj/pear/bin
PATH: /Users/deng/anaconda/bin
PATH: /Users/sj/.rvm/gems/ruby-2.4.0/bin
PATH: /Users/sj/.rvm/gems/ruby-2.4.0@global/bin
PATH: /Users/sj/.rvm/rubies/ruby-2.4.0/bin
PATH: /Users/sj/anaconda/bin
PATH: /usr/local/cuda/bin
PATH: /usr/local/bin
PATH: /usr/bin
PATH: /bin
PATH: /usr/sbin
PATH: /sbin
PATH: /usr/local/share/dotnet
PATH: /Library/Frameworks/Mono.framework/Versions/Current/Commands
PATH: /usr/local/mysql/bin
PATH: /Users/sj/.rvm/bin


## ----------- ##
## Core tests. ##
## ----------- ##

configure:2397: checking for a BSD-compatible install
configure:2465: result: /usr/local/bin/ginstall -c
configure:2476: checking whether build environment is sane
configure:2531: result: yes
configure:2682: checking for a thread-safe mkdir -p
configure:2721: result: /usr/local/bin/gmkdir -p
configure:2728: checking for gawk
configure:2758: result: no
configure:2728: checking for mawk
configure:2758: result: no
configure:2728: checking for nawk
configure:2758: result: no
configure:2728: checking for awk
configure:2744: found /usr/bin/awk
configure:2755: result: awk
configure:2766: checking whether make sets $(MAKE)
configure:2788: result: yes
configure:2817: checking whether make supports nested variables
configure:2834: result: yes
configure:2989: checking build system type
configure:3003: result: x86_64-apple-darwin17.3.0
configure:3023: checking host system type
configure:3036: result: x86_64-apple-darwin17.3.0
configure:3077: checking how to print strings
configure:3104: result: printf
configure:3137: checking for style of include used by make
configure:3165: result: GNU
configure:3236: checking for gcc
configure:3252: found /usr/bin/gcc
configure:3263: result: gcc
configure:3492: checking for C compiler version
configure:3501: gcc --version >&5
Apple LLVM version 9.1.0 (clang-902.0.39.1)
Target: x86_64-apple-darwin17.3.0
Thread model: posix
InstalledDir: /Applications/Xcode.app/Contents/Developer/Toolchains/XcodeDefault.xctoolchain/usr/bin
Configured with: --prefix=/Applications/Xcode.app/Contents/Developer/usr --with-gxx-include-dir=/usr/include/c++/4.2.1
configure:3512: $? = 0
configure:3501: gcc -v >&5
Configured with: --prefix=/Applications/Xcode.app/Contents/Developer/usr --with-gxx-include-dir=/usr/include/c++/4.2.1
Apple LLVM version 9.1.0 (clang-902.0.39.1)
Target: x86_64-apple-darwin17.3.0
Thread model: posix
InstalledDir: /Applications/Xcode.app/Contents/Developer/Toolchains/XcodeDefault.xctoolchain/usr/bin
configure:3512: $? = 0
configure:3501: gcc -V >&5
clang: error: argument to '-V' is missing (expected 1 value)
clang: error: no input files
configure:3512: $? = 1
configure:3501: gcc -qversion >&5
clang: error: unknown argument: '-qversion'
clang: error: no input files
configure:3512: $? = 1
configure:3532: checking whether the C compiler works
configure:3554: gcc    conftest.c  >&5
configure:3558: $? = 0
configure:3606: result: yes
configure:3609: checking for C compiler default output file name
configure:3611: result: a.out
configure:3617: checking for suffix of executables
configure:3624: gcc -o conftest    conftest.c  >&5
configure:3628: $? = 0
configure:3650: result: 
configure:3672: checking whether we are cross compiling
configure:3680: gcc -o conftest    conftest.c  >&5
configure:3684: $? = 0
configure:3691: ./conftest
configure:3695: $? = 0
configure:3710: result: no
configure:3715: checking for suffix of object files
configure:3737: gcc -c   conftest.c >&5
configure:3741: $? = 0
configure:3762: result: o
configure:3766: checking whether we are using the GNU C compiler
configure:3785: gcc -c   conftest.c >&5
configure:3785: $? = 0
configure:3794: result: yes
configure:3803: checking whether gcc accepts -g
configure:3823: gcc -c -g  conftest.c >&5
configure:3823: $? = 0
configure:3864: result: yes
configure:3881: checking for gcc option to accept ISO C89
configure:3944: gcc  -c -g -O2  conftest.c >&5
configure:3944: $? = 0
configure:3957: result: none needed
configure:3982: checking whether gcc understands -c and -o together
configure:4004: gcc -c conftest.c -o conftest2.o
configure:4007: $? = 0
configure:4004: gcc -c conftest.c -o conftest2.o
configure:4007: $? = 0
configure:4019: result: yes
configure:4038: checking dependency style of gcc
configure:4149: result: gcc3
configure:4164: checking for a sed that does not truncate output
configure:4228: result: /usr/bin/sed
configure:4246: checking for grep that handles long lines and -e
configure:4304: result: /usr/bin/grep
configure:4309: checking for egrep
configure:4371: result: /usr/bin/grep -E
configure:4376: checking for fgrep
configure:4438: result: /usr/bin/grep -F
configure:4473: checking for ld used by gcc
configure:4540: result: /Applications/Xcode.app/Contents/Developer/Toolchains/XcodeDefault.xctoolchain/usr/bin/ld
configure:4547: checking if the linker (/Applications/Xcode.app/Contents/Developer/Toolchains/XcodeDefault.xctoolchain/usr/bin/ld) is GNU ld
configure:4562: result: no
configure:4574: checking for BSD- or MS-compatible name lister (nm)
configure:4628: result: /usr/bin/nm -B
configure:4758: checking the name lister (/usr/bin/nm -B) interface
configure:4765: gcc -c -g -O2  conftest.c >&5
configure:4768: /usr/bin/nm -B "conftest.o"
configure:4771: output
00000000000001fc S _some_variable
configure:4778: result: BSD nm
configure:4781: checking whether ln -s works
configure:4785: result: yes
configure:4793: checking the maximum length of command line arguments
configure:4924: result: 196608
configure:4972: checking how to convert x86_64-apple-darwin17.3.0 file names to x86_64-apple-darwin17.3.0 format
configure:5012: result: func_convert_file_noop
configure:5019: checking how to convert x86_64-apple-darwin17.3.0 file names to toolchain format
configure:5039: result: func_convert_file_noop
configure:5046: checking for /Applications/Xcode.app/Contents/Developer/Toolchains/XcodeDefault.xctoolchain/usr/bin/ld option to reload object files
configure:5053: result: -r
configure:5127: checking for objdump
configure:5143: found /usr/bin/objdump
configure:5154: result: objdump
configure:5186: checking how to recognize dependent libraries
configure:5386: result: pass_all
configure:5471: checking for dlltool
configure:5501: result: no
configure:5531: checking how to associate runtime and link libraries
configure:5558: result: printf %s\n
configure:5619: checking for ar
configure:5635: found /usr/bin/ar
configure:5646: result: ar
configure:5683: checking for archiver @FILE support
configure:5700: gcc -c -g -O2  conftest.c >&5
configure:5700: $? = 0
configure:5703: ar cru libconftest.a @conftest.lst >&5
ar: @conftest.lst: No such file or directory
configure:5706: $? = 1
configure:5726: result: no
configure:5784: checking for strip
configure:5800: found /usr/bin/strip
configure:5811: result: strip
configure:5883: checking for ranlib
configure:5899: found /usr/bin/ranlib
configure:5910: result: ranlib
configure:6012: checking command to parse /usr/bin/nm -B output from gcc object
configure:6165: gcc -c -g -O2  conftest.c >&5
configure:6168: $? = 0
configure:6172: /usr/bin/nm -B conftest.o \| sed -n -e 's/^.*[ ]\([BCDEGRST][BCDEGRST]*\)[ ][ ]*\([_A-Za-z][_A-Za-z0-9]*\)$/\1 \2 \2/p' | sed '/ __gnu_lto/d' \> conftest.nm
configure:6175: $? = 0
cannot find nm_test_var in conftest.nm
configure:6165: gcc -c -g -O2  conftest.c >&5
configure:6168: $? = 0
configure:6172: /usr/bin/nm -B conftest.o \| sed -n -e 's/^.*[ ]\([BCDEGRST][BCDEGRST]*\)[ ][ ]*_\([_A-Za-z][_A-Za-z0-9]*\)$/\1 _\2 \2/p' | sed '/ __gnu_lto/d' \> conftest.nm
configure:6175: $? = 0
configure:6241: gcc -o conftest -g -O2   conftest.c conftstm.o >&5
warning: (x86_64)  could not find object file symbol for symbol _main
configure:6244: $? = 0
configure:6282: result: ok
configure:6329: checking for sysroot
configure:6359: result: no
configure:6366: checking for a working dd
configure:6404: result: /bin/dd
configure:6408: checking how to truncate binary pipes
configure:6423: result: /bin/dd bs=4096 count=1
configure:6752: checking for mt
configure:6782: result: no
configure:6802: checking if : is a manifest tool
configure:6808: : '-?'
configure:6816: result: no
configure:6872: checking for dsymutil
configure:6888: found /usr/bin/dsymutil
configure:6899: result: dsymutil
configure:6964: checking for nmedit
configure:6980: found /usr/bin/nmedit
configure:6991: result: nmedit
configure:7056: checking for lipo
configure:7072: found /usr/bin/lipo
configure:7083: result: lipo
configure:7148: checking for otool
configure:7164: found /usr/bin/otool
configure:7175: result: otool
configure:7240: checking for otool64
configure:7270: result: no
configure:7315: checking for -single_module linker flag
gcc -g -O2  -o libconftest.dylib -dynamiclib -Wl,-single_module conftest.c
configure:7348: result: yes
configure:7351: checking for -exported_symbols_list linker flag
configure:7371: gcc -o conftest -g -O2   -Wl,-exported_symbols_list,conftest.sym conftest.c  >&5
configure:7371: $? = 0
configure:7381: result: yes
configure:7384: checking for -force_load linker flag
gcc -g -O2 -c -o conftest.o conftest.c
ar cru libconftest.a conftest.o
ranlib libconftest.a
gcc -g -O2  -o conftest conftest.c -Wl,-force_load,./libconftest.a
configure:7416: result: yes
configure:7493: checking how to run the C preprocessor
configure:7524: gcc -E  conftest.c
configure:7524: $? = 0
configure:7538: gcc -E  conftest.c
conftest.c:11:10: fatal error: 'ac_nonexistent.h' file not found
#include <ac_nonexistent.h>
         ^~~~~~~~~~~~~~~~~~
1 error generated.
configure:7538: $? = 1
configure: failed program was:
| /* confdefs.h */
| #define PACKAGE_NAME "myServer"
| #define PACKAGE_TARNAME "myserver"
| #define PACKAGE_VERSION "1.0.0"
| #define PACKAGE_STRING "myServer 1.0.0"
| #define PACKAGE_BUGREPORT "muerbingsha@126.com"
| #define PACKAGE_URL ""
| #define PACKAGE "myserver"
| #define VERSION "1.0.0"
| /* end confdefs.h.  */
| #include <ac_nonexistent.h>
configure:7563: result: gcc -E
configure:7583: gcc -E  conftest.c
configure:7583: $? = 0
configure:7597: gcc -E  conftest.c
conftest.c:11:10: fatal error: 'ac_nonexistent.h' file not found
#include <ac_nonexistent.h>
         ^~~~~~~~~~~~~~~~~~
1 error generated.
configure:7597: $? = 1
configure: failed program was:
| /* confdefs.h */
| #define PACKAGE_NAME "myServer"
| #define PACKAGE_TARNAME "myserver"
| #define PACKAGE_VERSION "1.0.0"
| #define PACKAGE_STRING "myServer 1.0.0"
| #define PACKAGE_BUGREPORT "muerbingsha@126.com"
| #define PACKAGE_URL ""
| #define PACKAGE "myserver"
| #define VERSION "1.0.0"
| /* end confdefs.h.  */
| #include <ac_nonexistent.h>
configure:7626: checking for ANSI C header files
configure:7646: gcc -c -g -O2  conftest.c >&5
configure:7646: $? = 0
configure:7719: gcc -o conftest -g -O2   conftest.c  >&5
configure:7719: $? = 0
configure:7719: ./conftest
configure:7719: $? = 0
configure:7730: result: yes
configure:7743: checking for sys/types.h
configure:7743: gcc -c -g -O2  conftest.c >&5
configure:7743: $? = 0
configure:7743: result: yes
configure:7743: checking for sys/stat.h
configure:7743: gcc -c -g -O2  conftest.c >&5
configure:7743: $? = 0
configure:7743: result: yes
configure:7743: checking for stdlib.h
configure:7743: gcc -c -g -O2  conftest.c >&5
configure:7743: $? = 0
configure:7743: result: yes
configure:7743: checking for string.h
configure:7743: gcc -c -g -O2  conftest.c >&5
configure:7743: $? = 0
configure:7743: result: yes
configure:7743: checking for memory.h
configure:7743: gcc -c -g -O2  conftest.c >&5
configure:7743: $? = 0
configure:7743: result: yes
configure:7743: checking for strings.h
configure:7743: gcc -c -g -O2  conftest.c >&5
configure:7743: $? = 0
configure:7743: result: yes
configure:7743: checking for inttypes.h
configure:7743: gcc -c -g -O2  conftest.c >&5
configure:7743: $? = 0
configure:7743: result: yes
configure:7743: checking for stdint.h
configure:7743: gcc -c -g -O2  conftest.c >&5
configure:7743: $? = 0
configure:7743: result: yes
configure:7743: checking for unistd.h
configure:7743: gcc -c -g -O2  conftest.c >&5
configure:7743: $? = 0
configure:7743: result: yes
configure:7757: checking for dlfcn.h
configure:7757: gcc -c -g -O2  conftest.c >&5
configure:7757: $? = 0
configure:7757: result: yes
configure:8013: checking for objdir
configure:8028: result: .libs
configure:8288: checking if gcc supports -fno-rtti -fno-exceptions
configure:8306: gcc -c -g -O2  -fno-rtti -fno-exceptions conftest.c >&5
configure:8310: $? = 0
configure:8323: result: yes
configure:8681: checking for gcc option to produce PIC
configure:8688: result: -fno-common -DPIC
configure:8696: checking if gcc PIC flag -fno-common -DPIC works
configure:8714: gcc -c -g -O2  -fno-common -DPIC -DPIC conftest.c >&5
configure:8718: $? = 0
configure:8731: result: yes
configure:8760: checking if gcc static flag -static works
configure:8788: result: no
configure:8803: checking if gcc supports -c -o file.o
configure:8824: gcc -c -g -O2  -o out/conftest2.o conftest.c >&5
configure:8828: $? = 0
configure:8850: result: yes
configure:8858: checking if gcc supports -c -o file.o
configure:8905: result: yes
configure:8938: checking whether the gcc linker (/Applications/Xcode.app/Contents/Developer/Toolchains/XcodeDefault.xctoolchain/usr/bin/ld) supports shared libraries
configure:10197: result: yes
configure:10437: checking dynamic linker characteristics
configure:11255: result: darwin17.3.0 dyld
configure:11377: checking how to hardcode library paths into programs
configure:11402: result: immediate
configure:11950: checking whether stripping libraries is possible
configure:11964: result: yes
configure:11990: checking if libtool supports shared libraries
configure:11992: result: yes
configure:11995: checking whether to build shared libraries
configure:12020: result: yes
configure:12023: checking whether to build static libraries
configure:12027: result: yes
configure:12114: checking for gcc
configure:12141: result: gcc
configure:12370: checking for C compiler version
configure:12379: gcc --version >&5
Apple LLVM version 9.1.0 (clang-902.0.39.1)
Target: x86_64-apple-darwin17.3.0
Thread model: posix
InstalledDir: /Applications/Xcode.app/Contents/Developer/Toolchains/XcodeDefault.xctoolchain/usr/bin
Configured with: --prefix=/Applications/Xcode.app/Contents/Developer/usr --with-gxx-include-dir=/usr/include/c++/4.2.1
configure:12390: $? = 0
configure:12379: gcc -v >&5
Configured with: --prefix=/Applications/Xcode.app/Contents/Developer/usr --with-gxx-include-dir=/usr/include/c++/4.2.1
Apple LLVM version 9.1.0 (clang-902.0.39.1)
Target: x86_64-apple-darwin17.3.0
Thread model: posix
InstalledDir: /Applications/Xcode.app/Contents/Developer/Toolchains/XcodeDefault.xctoolchain/usr/bin
configure:12390: $? = 0
configure:12379: gcc -V >&5
clang: error: argument to '-V' is missing (expected 1 value)
clang: error: no input files
configure:12390: $? = 1
configure:12379: gcc -qversion >&5
clang: error: unknown argument: '-qversion'
clang: error: no input files
configure:12390: $? = 1
configure:12394: checking whether we are using the GNU C compiler
configure:12422: result: yes
configure:12431: checking whether gcc accepts -g
configure:12492: result: yes
configure:12509: checking for gcc option to accept ISO C89
configure:12585: result: none needed
configure:12610: checking whether gcc understands -c and -o together
configure:12647: result: yes
configure:12666: checking dependency style of gcc
configure:12777: result: gcc3
configure:12850: checking for g++
configure:12866: found /usr/bin/g++
configure:12877: result: g++
configure:12904: checking for C++ compiler version
configure:12913: g++ --version >&5
Apple LLVM version 9.1.0 (clang-902.0.39.1)
Target: x86_64-apple-darwin17.3.0
Thread model: posix
InstalledDir: /Applications/Xcode.app/Contents/Developer/Toolchains/XcodeDefault.xctoolchain/usr/bin
Configured with: --prefix=/Applications/Xcode.app/Contents/Developer/usr --with-gxx-include-dir=/usr/include/c++/4.2.1
configure:12924: $? = 0
configure:12913: g++ -v >&5
Configured with: --prefix=/Applications/Xcode.app/Contents/Developer/usr --with-gxx-include-dir=/usr/include/c++/4.2.1
Apple LLVM version 9.1.0 (clang-902.0.39.1)
Target: x86_64-apple-darwin17.3.0
Thread model: posix
InstalledDir: /Applications/Xcode.app/Contents/Developer/Toolchains/XcodeDefault.xctoolchain/usr/bin
configure:12924: $? = 0
configure:12913: g++ -V >&5
clang: error: argument to '-V' is missing (expected 1 value)
clang: error: no input files
configure:12924: $? = 1
configure:12913: g++ -qversion >&5
clang: error: unknown argument: '-qversion'
clang: error: no input files
configure:12924: $? = 1
configure:12928: checking whether we are using the GNU C++ compiler
configure:12947: g++ -c   conftest.cpp >&5
configure:12947: $? = 0
configure:12956: result: yes
configure:12965: checking whether g++ accepts -g
configure:12985: g++ -c -g  conftest.cpp >&5
configure:12985: $? = 0
configure:13026: result: yes
configure:13051: checking dependency style of g++
configure:13162: result: gcc3
configure:13195: checking how to run the C++ preprocessor
configure:13222: g++ -E  conftest.cpp
configure:13222: $? = 0
configure:13236: g++ -E  conftest.cpp
conftest.cpp:23:10: fatal error: 'ac_nonexistent.h' file not found
#include <ac_nonexistent.h>
         ^~~~~~~~~~~~~~~~~~
1 error generated.
configure:13236: $? = 1
configure: failed program was:
| /* confdefs.h */
| #define PACKAGE_NAME "myServer"
| #define PACKAGE_TARNAME "myserver"
| #define PACKAGE_VERSION "1.0.0"
| #define PACKAGE_STRING "myServer 1.0.0"
| #define PACKAGE_BUGREPORT "muerbingsha@126.com"
| #define PACKAGE_URL ""
| #define PACKAGE "myserver"
| #define VERSION "1.0.0"
| #define STDC_HEADERS 1
| #define HAVE_SYS_TYPES_H 1
| #define HAVE_SYS_STAT_H 1
| #define HAVE_STDLIB_H 1
| #define HAVE_STRING_H 1
| #define HAVE_MEMORY_H 1
| #define HAVE_STRINGS_H 1
| #define HAVE_INTTYPES_H 1
| #define HAVE_STDINT_H 1
| #define HAVE_UNISTD_H 1
| #define HAVE_DLFCN_H 1
| #define LT_OBJDIR ".libs/"
| /* end confdefs.h.  */
| #include <ac_nonexistent.h>
configure:13261: result: g++ -E
configure:13281: g++ -E  conftest.cpp
configure:13281: $? = 0
configure:13295: g++ -E  conftest.cpp
conftest.cpp:23:10: fatal error: 'ac_nonexistent.h' file not found
#include <ac_nonexistent.h>
         ^~~~~~~~~~~~~~~~~~
1 error generated.
configure:13295: $? = 1
configure: failed program was:
| /* confdefs.h */
| #define PACKAGE_NAME "myServer"
| #define PACKAGE_TARNAME "myserver"
| #define PACKAGE_VERSION "1.0.0"
| #define PACKAGE_STRING "myServer 1.0.0"
| #define PACKAGE_BUGREPORT "muerbingsha@126.com"
| #define PACKAGE_URL ""
| #define PACKAGE "myserver"
| #define VERSION "1.0.0"
| #define STDC_HEADERS 1
| #define HAVE_SYS_TYPES_H 1
| #define HAVE_SYS_STAT_H 1
| #define HAVE_STDLIB_H 1
| #define HAVE_STRING_H 1
| #define HAVE_MEMORY_H 1
| #define HAVE_STRINGS_H 1
| #define HAVE_INTTYPES_H 1
| #define HAVE_STDINT_H 1
| #define HAVE_UNISTD_H 1
| #define HAVE_DLFCN_H 1
| #define LT_OBJDIR ".libs/"
| /* end confdefs.h.  */
| #include <ac_nonexistent.h>
configure:13457: checking for ld used by g++
configure:13524: result: /Applications/Xcode.app/Contents/Developer/Toolchains/XcodeDefault.xctoolchain/usr/bin/ld
configure:13531: checking if the linker (/Applications/Xcode.app/Contents/Developer/Toolchains/XcodeDefault.xctoolchain/usr/bin/ld) is GNU ld
configure:13546: result: no
configure:13601: checking whether the g++ linker (/Applications/Xcode.app/Contents/Developer/Toolchains/XcodeDefault.xctoolchain/usr/bin/ld) supports shared libraries
configure:14674: result: yes
configure:14710: g++ -c -g -O2  conftest.cpp >&5
configure:14713: $? = 0
configure:15194: checking for g++ option to produce PIC
configure:15201: result: -fno-common -DPIC
configure:15209: checking if g++ PIC flag -fno-common -DPIC works
configure:15227: g++ -c -g -O2  -fno-common -DPIC -DPIC conftest.cpp >&5
configure:15231: $? = 0
configure:15244: result: yes
configure:15267: checking if g++ static flag -static works
configure:15295: result: no
configure:15307: checking if g++ supports -c -o file.o
configure:15328: g++ -c -g -O2  -o out/conftest2.o conftest.cpp >&5
configure:15332: $? = 0
configure:15354: result: yes
configure:15359: checking if g++ supports -c -o file.o
configure:15406: result: yes
configure:15436: checking whether the g++ linker (/Applications/Xcode.app/Contents/Developer/Toolchains/XcodeDefault.xctoolchain/usr/bin/ld) supports shared libraries
configure:15476: result: yes
configure:15617: checking dynamic linker characteristics
configure:16362: result: darwin17.3.0 dyld
configure:16427: checking how to hardcode library paths into programs
configure:16452: result: immediate
configure:16535: checking for ranlib
configure:16562: result: ranlib
configure:16595: checking for accept4 in -lc
configure:16620: g++ -o conftest -g -O2   conftest.cpp -lc   >&5
Undefined symbols for architecture x86_64:
  "_accept4", referenced from:
      _main in conftest-4cb7b5.o
ld: symbol(s) not found for architecture x86_64
clang: error: linker command failed with exit code 1 (use -v to see invocation)
configure:16620: $? = 1
configure: failed program was:
| /* confdefs.h */
| #define PACKAGE_NAME "myServer"
| #define PACKAGE_TARNAME "myserver"
| #define PACKAGE_VERSION "1.0.0"
| #define PACKAGE_STRING "myServer 1.0.0"
| #define PACKAGE_BUGREPORT "muerbingsha@126.com"
| #define PACKAGE_URL ""
| #define PACKAGE "myserver"
| #define VERSION "1.0.0"
| #define STDC_HEADERS 1
| #define HAVE_SYS_TYPES_H 1
| #define HAVE_SYS_STAT_H 1
| #define HAVE_STDLIB_H 1
| #define HAVE_STRING_H 1
| #define HAVE_MEMORY_H 1
| #define HAVE_STRINGS_H 1
| #define HAVE_INTTYPES_H 1
| #define HAVE_STDINT_H 1
| #define HAVE_UNISTD_H 1
| #define HAVE_DLFCN_H 1
| #define LT_OBJDIR ".libs/"
| /* end confdefs.h.  */
| 
| /* Override any GCC internal prototype to avoid an error.
|    Use char because int might match the return type of a GCC
|    builtin and then its argument prototype would still apply.  */
| #ifdef __cplusplus
| extern "C"
| #endif
| char accept4 ();
| int
| main ()
| {
| return accept4 ();
|   ;
|   return 0;
| }
configure:16629: result: no
configure:16637: checking for signalfd in -lc
configure:16662: g++ -o conftest -g -O2   conftest.cpp -lc   >&5
Undefined symbols for architecture x86_64:
  "_signalfd", referenced from:
      _main in conftest-4cc3ed.o
ld: symbol(s) not found for architecture x86_64
clang: error: linker command failed with exit code 1 (use -v to see invocation)
configure:16662: $? = 1
configure: failed program was:
| /* confdefs.h */
| #define PACKAGE_NAME "myServer"
| #define PACKAGE_TARNAME "myserver"
| #define PACKAGE_VERSION "1.0.0"
| #define PACKAGE_STRING "myServer 1.0.0"
| #define PACKAGE_BUGREPORT "muerbingsha@126.com"
| #define PACKAGE_URL ""
| #define PACKAGE "myserver"
| #define VERSION "1.0.0"
| #define STDC_HEADERS 1
| #define HAVE_SYS_TYPES_H 1
| #define HAVE_SYS_STAT_H 1
| #define HAVE_STDLIB_H 1
| #define HAVE_STRING_H 1
| #define HAVE_MEMORY_H 1
| #define HAVE_STRINGS_H 1
| #define HAVE_INTTYPES_H 1
| #define HAVE_STDINT_H 1
| #define HAVE_UNISTD_H 1
| #define HAVE_DLFCN_H 1
| #define LT_OBJDIR ".libs/"
| /* end confdefs.h.  */
| 
| /* Override any GCC internal prototype to avoid an error.
|    Use char because int might match the return type of a GCC
|    builtin and then its argument prototype would still apply.  */
| #ifdef __cplusplus
| extern "C"
| #endif
| char signalfd ();
| int
| main ()
| {
| return signalfd ();
|   ;
|   return 0;
| }
configure:16671: result: no
configure:16679: checking for timerfd_create in -lc
configure:16704: g++ -o conftest -g -O2   conftest.cpp -lc   >&5
Undefined symbols for architecture x86_64:
  "_timerfd_create", referenced from:
      _main in conftest-4c83bb.o
ld: symbol(s) not found for architecture x86_64
clang: error: linker command failed with exit code 1 (use -v to see invocation)
configure:16704: $? = 1
configure: failed program was:
| /* confdefs.h */
| #define PACKAGE_NAME "myServer"
| #define PACKAGE_TARNAME "myserver"
| #define PACKAGE_VERSION "1.0.0"
| #define PACKAGE_STRING "myServer 1.0.0"
| #define PACKAGE_BUGREPORT "muerbingsha@126.com"
| #define PACKAGE_URL ""
| #define PACKAGE "myserver"
| #define VERSION "1.0.0"
| #define STDC_HEADERS 1
| #define HAVE_SYS_TYPES_H 1
| #define HAVE_SYS_STAT_H 1
| #define HAVE_STDLIB_H 1
| #define HAVE_STRING_H 1
| #define HAVE_MEMORY_H 1
| #define HAVE_STRINGS_H 1
| #define HAVE_INTTYPES_H 1
| #define HAVE_STDINT_H 1
| #define HAVE_UNISTD_H 1
| #define HAVE_DLFCN_H 1
| #define LT_OBJDIR ".libs/"
| /* end confdefs.h.  */
| 
| /* Override any GCC internal prototype to avoid an error.
|    Use char because int might match the return type of a GCC
|    builtin and then its argument prototype would still apply.  */
| #ifdef __cplusplus
| extern "C"
| #endif
| char timerfd_create ();
| int
| main ()
| {
| return timerfd_create ();
|   ;
|   return 0;
| }
configure:16713: result: no
configure:16721: checking for eventfd in -lc
configure:16746: g++ -o conftest -g -O2   conftest.cpp -lc   >&5
Undefined symbols for architecture x86_64:
  "_eventfd", referenced from:
      _main in conftest-c4fd97.o
ld: symbol(s) not found for architecture x86_64
clang: error: linker command failed with exit code 1 (use -v to see invocation)
configure:16746: $? = 1
configure: failed program was:
| /* confdefs.h */
| #define PACKAGE_NAME "myServer"
| #define PACKAGE_TARNAME "myserver"
| #define PACKAGE_VERSION "1.0.0"
| #define PACKAGE_STRING "myServer 1.0.0"
| #define PACKAGE_BUGREPORT "muerbingsha@126.com"
| #define PACKAGE_URL ""
| #define PACKAGE "myserver"
| #define VERSION "1.0.0"
| #define STDC_HEADERS 1
| #define HAVE_SYS_TYPES_H 1
| #define HAVE_SYS_STAT_H 1
| #define HAVE_STDLIB_H 1
| #define HAVE_STRING_H 1
| #define HAVE_MEMORY_H 1
| #define HAVE_STRINGS_H 1
| #define HAVE_INTTYPES_H 1
| #define HAVE_STDINT_H 1
| #define HAVE_UNISTD_H 1
| #define HAVE_DLFCN_H 1
| #define LT_OBJDIR ".libs/"
| /* end confdefs.h.  */
| 
| /* Override any GCC internal prototype to avoid an error.
|    Use char because int might match the return type of a GCC
|    builtin and then its argument prototype would still apply.  */
| #ifdef __cplusplus
| extern "C"
| #endif
| char eventfd ();
| int
| main ()
| {
| return eventfd ();
|   ;
|   return 0;
| }
configure:16755: result: no
configure:16763: checking for epoll_create in -lc
configure:16788: g++ -o conftest -g -O2   conftest.cpp -lc   >&5
Undefined symbols for architecture x86_64:
  "_epoll_create", referenced from:
      _main in conftest-f0e2a3.o
ld: symbol(s) not found for architecture x86_64
clang: error: linker command failed with exit code 1 (use -v to see invocation)
configure:16788: $? = 1
configure: failed program was:
| /* confdefs.h */
| #define PACKAGE_NAME "myServer"
| #define PACKAGE_TARNAME "myserver"
| #define PACKAGE_VERSION "1.0.0"
| #define PACKAGE_STRING "myServer 1.0.0"
| #define PACKAGE_BUGREPORT "muerbingsha@126.com"
| #define PACKAGE_URL ""
| #define PACKAGE "myserver"
| #define VERSION "1.0.0"
| #define STDC_HEADERS 1
| #define HAVE_SYS_TYPES_H 1
| #define HAVE_SYS_STAT_H 1
| #define HAVE_STDLIB_H 1
| #define HAVE_STRING_H 1
| #define HAVE_MEMORY_H 1
| #define HAVE_STRINGS_H 1
| #define HAVE_INTTYPES_H 1
| #define HAVE_STDINT_H 1
| #define HAVE_UNISTD_H 1
| #define HAVE_DLFCN_H 1
| #define LT_OBJDIR ".libs/"
| /* end confdefs.h.  */
| 
| /* Override any GCC internal prototype to avoid an error.
|    Use char because int might match the return type of a GCC
|    builtin and then its argument prototype would still apply.  */
| #ifdef __cplusplus
| extern "C"
| #endif
| char epoll_create ();
| int
| main ()
| {
| return epoll_create ();
|   ;
|   return 0;
| }
configure:16797: result: no
configure:16805: checking for poll in -lc
configure:16830: g++ -o conftest -g -O2   conftest.cpp -lc   >&5
configure:16830: $? = 0
configure:16839: result: yes
configure:16847: checking for sendfile in -lc
configure:16872: g++ -o conftest -g -O2   conftest.cpp -lc   >&5
configure:16872: $? = 0
configure:16881: result: yes
configure:16889: checking for kqueue in -lc
configure:16914: g++ -o conftest -g -O2   conftest.cpp -lc   >&5
configure:16914: $? = 0
configure:16923: result: yes
configure:16931: checking for backtrace in -lc
configure:16956: g++ -o conftest -g -O2   conftest.cpp -lc   >&5
configure:16956: $? = 0
configure:16965: result: yes
configure:16973: checking for daemon in -lc
configure:16998: g++ -o conftest -g -O2   conftest.cpp -lc   >&5
configure:16998: $? = 0
configure:17007: result: yes
configure:17015: checking for mkostemp in -lc
configure:17040: g++ -o conftest -g -O2   conftest.cpp -lc   >&5
configure:17040: $? = 0
configure:17049: result: yes
configure:17057: checking for inotify_init in -lc
configure:17082: g++ -o conftest -g -O2   conftest.cpp -lc   >&5
Undefined symbols for architecture x86_64:
  "_inotify_init", referenced from:
      _main in conftest-6ba721.o
ld: symbol(s) not found for architecture x86_64
clang: error: linker command failed with exit code 1 (use -v to see invocation)
configure:17082: $? = 1
configure: failed program was:
| /* confdefs.h */
| #define PACKAGE_NAME "myServer"
| #define PACKAGE_TARNAME "myserver"
| #define PACKAGE_VERSION "1.0.0"
| #define PACKAGE_STRING "myServer 1.0.0"
| #define PACKAGE_BUGREPORT "muerbingsha@126.com"
| #define PACKAGE_URL ""
| #define PACKAGE "myserver"
| #define VERSION "1.0.0"
| #define STDC_HEADERS 1
| #define HAVE_SYS_TYPES_H 1
| #define HAVE_SYS_STAT_H 1
| #define HAVE_STDLIB_H 1
| #define HAVE_STRING_H 1
| #define HAVE_MEMORY_H 1
| #define HAVE_STRINGS_H 1
| #define HAVE_INTTYPES_H 1
| #define HAVE_STDINT_H 1
| #define HAVE_UNISTD_H 1
| #define HAVE_DLFCN_H 1
| #define LT_OBJDIR ".libs/"
| #define HAVE_POLL 1
| #define HAVE_SENDFILE 1
| #define HAVE_KQUEUE 1
| #define HAVE_EXECINFO 1
| #define HAVE_DAEMON 1
| #define HAVE_MKOSTEMP 1
| /* end confdefs.h.  */
| 
| /* Override any GCC internal prototype to avoid an error.
|    Use char because int might match the return type of a GCC
|    builtin and then its argument prototype would still apply.  */
| #ifdef __cplusplus
| extern "C"
| #endif
| char inotify_init ();
| int
| main ()
| {
| return inotify_init ();
|   ;
|   return 0;
| }
configure:17091: result: no
configure:17099: checking for inotify_init1 in -lc
configure:17124: g++ -o conftest -g -O2   conftest.cpp -lc   >&5
Undefined symbols for architecture x86_64:
  "_inotify_init1", referenced from:
      _main in conftest-50e3ba.o
ld: symbol(s) not found for architecture x86_64
clang: error: linker command failed with exit code 1 (use -v to see invocation)
configure:17124: $? = 1
configure: failed program was:
| /* confdefs.h */
| #define PACKAGE_NAME "myServer"
| #define PACKAGE_TARNAME "myserver"
| #define PACKAGE_VERSION "1.0.0"
| #define PACKAGE_STRING "myServer 1.0.0"
| #define PACKAGE_BUGREPORT "muerbingsha@126.com"
| #define PACKAGE_URL ""
| #define PACKAGE "myserver"
| #define VERSION "1.0.0"
| #define STDC_HEADERS 1
| #define HAVE_SYS_TYPES_H 1
| #define HAVE_SYS_STAT_H 1
| #define HAVE_STDLIB_H 1
| #define HAVE_STRING_H 1
| #define HAVE_MEMORY_H 1
| #define HAVE_STRINGS_H 1
| #define HAVE_INTTYPES_H 1
| #define HAVE_STDINT_H 1
| #define HAVE_UNISTD_H 1
| #define HAVE_DLFCN_H 1
| #define LT_OBJDIR ".libs/"
| #define HAVE_POLL 1
| #define HAVE_SENDFILE 1
| #define HAVE_KQUEUE 1
| #define HAVE_EXECINFO 1
| #define HAVE_DAEMON 1
| #define HAVE_MKOSTEMP 1
| /* end confdefs.h.  */
| 
| /* Override any GCC internal prototype to avoid an error.
|    Use char because int might match the return type of a GCC
|    builtin and then its argument prototype would still apply.  */
| #ifdef __cplusplus
| extern "C"
| #endif
| char inotify_init1 ();
| int
| main ()
| {
| return inotify_init1 ();
|   ;
|   return 0;
| }
configure:17133: result: no
configure:17141: checking for pthread_rwlock_init in -lpthread
configure:17166: g++ -o conftest -g -O2   conftest.cpp -lpthread   >&5
configure:17166: $? = 0
configure:17175: result: yes
configure:17183: checking for pthread_spin_lock in -lpthread
configure:17208: g++ -o conftest -g -O2   conftest.cpp -lpthread   >&5
Undefined symbols for architecture x86_64:
  "_pthread_spin_lock", referenced from:
      _main in conftest-e0e3e8.o
ld: symbol(s) not found for architecture x86_64
clang: error: linker command failed with exit code 1 (use -v to see invocation)
configure:17208: $? = 1
configure: failed program was:
| /* confdefs.h */
| #define PACKAGE_NAME "myServer"
| #define PACKAGE_TARNAME "myserver"
| #define PACKAGE_VERSION "1.0.0"
| #define PACKAGE_STRING "myServer 1.0.0"
| #define PACKAGE_BUGREPORT "muerbingsha@126.com"
| #define PACKAGE_URL ""
| #define PACKAGE "myserver"
| #define VERSION "1.0.0"
| #define STDC_HEADERS 1
| #define HAVE_SYS_TYPES_H 1
| #define HAVE_SYS_STAT_H 1
| #define HAVE_STDLIB_H 1
| #define HAVE_STRING_H 1
| #define HAVE_MEMORY_H 1
| #define HAVE_STRINGS_H 1
| #define HAVE_INTTYPES_H 1
| #define HAVE_STDINT_H 1
| #define HAVE_UNISTD_H 1
| #define HAVE_DLFCN_H 1
| #define LT_OBJDIR ".libs/"
| #define HAVE_POLL 1
| #define HAVE_SENDFILE 1
| #define HAVE_KQUEUE 1
| #define HAVE_EXECINFO 1
| #define HAVE_DAEMON 1
| #define HAVE_MKOSTEMP 1
| #define HAVE_RWLOCK 1
| /* end confdefs.h.  */
| 
| /* Override any GCC internal prototype to avoid an error.
|    Use char because int might match the return type of a GCC
|    builtin and then its argument prototype would still apply.  */
| #ifdef __cplusplus
| extern "C"
| #endif
| char pthread_spin_lock ();
| int
| main ()
| {
| return pthread_spin_lock ();
|   ;
|   return 0;
| }
configure:17217: result: no
configure:17225: checking for pthread_mutex_timedlock in -lpthread
configure:17250: g++ -o conftest -g -O2   conftest.cpp -lpthread   >&5
Undefined symbols for architecture x86_64:
  "_pthread_mutex_timedlock", referenced from:
      _main in conftest-6db813.o
ld: symbol(s) not found for architecture x86_64
clang: error: linker command failed with exit code 1 (use -v to see invocation)
configure:17250: $? = 1
configure: failed program was:
| /* confdefs.h */
| #define PACKAGE_NAME "myServer"
| #define PACKAGE_TARNAME "myserver"
| #define PACKAGE_VERSION "1.0.0"
| #define PACKAGE_STRING "myServer 1.0.0"
| #define PACKAGE_BUGREPORT "muerbingsha@126.com"
| #define PACKAGE_URL ""
| #define PACKAGE "myserver"
| #define VERSION "1.0.0"
| #define STDC_HEADERS 1
| #define HAVE_SYS_TYPES_H 1
| #define HAVE_SYS_STAT_H 1
| #define HAVE_STDLIB_H 1
| #define HAVE_STRING_H 1
| #define HAVE_MEMORY_H 1
| #define HAVE_STRINGS_H 1
| #define HAVE_INTTYPES_H 1
| #define HAVE_STDINT_H 1
| #define HAVE_UNISTD_H 1
| #define HAVE_DLFCN_H 1
| #define LT_OBJDIR ".libs/"
| #define HAVE_POLL 1
| #define HAVE_SENDFILE 1
| #define HAVE_KQUEUE 1
| #define HAVE_EXECINFO 1
| #define HAVE_DAEMON 1
| #define HAVE_MKOSTEMP 1
| #define HAVE_RWLOCK 1
| /* end confdefs.h.  */
| 
| /* Override any GCC internal prototype to avoid an error.
|    Use char because int might match the return type of a GCC
|    builtin and then its argument prototype would still apply.  */
| #ifdef __cplusplus
| extern "C"
| #endif
| char pthread_mutex_timedlock ();
| int
| main ()
| {
| return pthread_mutex_timedlock ();
|   ;
|   return 0;
| }
configure:17259: result: no
configure:17267: checking for pthread_barrier_init in -lpthread
configure:17292: g++ -o conftest -g -O2   conftest.cpp -lpthread   >&5
Undefined symbols for architecture x86_64:
  "_pthread_barrier_init", referenced from:
      _main in conftest-e930b5.o
ld: symbol(s) not found for architecture x86_64
clang: error: linker command failed with exit code 1 (use -v to see invocation)
configure:17292: $? = 1
configure: failed program was:
| /* confdefs.h */
| #define PACKAGE_NAME "myServer"
| #define PACKAGE_TARNAME "myserver"
| #define PACKAGE_VERSION "1.0.0"
| #define PACKAGE_STRING "myServer 1.0.0"
| #define PACKAGE_BUGREPORT "muerbingsha@126.com"
| #define PACKAGE_URL ""
| #define PACKAGE "myserver"
| #define VERSION "1.0.0"
| #define STDC_HEADERS 1
| #define HAVE_SYS_TYPES_H 1
| #define HAVE_SYS_STAT_H 1
| #define HAVE_STDLIB_H 1
| #define HAVE_STRING_H 1
| #define HAVE_MEMORY_H 1
| #define HAVE_STRINGS_H 1
| #define HAVE_INTTYPES_H 1
| #define HAVE_STDINT_H 1
| #define HAVE_UNISTD_H 1
| #define HAVE_DLFCN_H 1
| #define LT_OBJDIR ".libs/"
| #define HAVE_POLL 1
| #define HAVE_SENDFILE 1
| #define HAVE_KQUEUE 1
| #define HAVE_EXECINFO 1
| #define HAVE_DAEMON 1
| #define HAVE_MKOSTEMP 1
| #define HAVE_RWLOCK 1
| /* end confdefs.h.  */
| 
| /* Override any GCC internal prototype to avoid an error.
|    Use char because int might match the return type of a GCC
|    builtin and then its argument prototype would still apply.  */
| #ifdef __cplusplus
| extern "C"
| #endif
| char pthread_barrier_init ();
| int
| main ()
| {
| return pthread_barrier_init ();
|   ;
|   return 0;
| }
configure:17301: result: no
configure:17309: checking for SSL_library_init in -lssl
configure:17334: g++ -o conftest -g -O2   conftest.cpp -lssl   >&5
configure:17334: $? = 0
configure:17343: result: yes
configure:17351: checking for pcre_compile in -lpcre
configure:17376: g++ -o conftest -g -O2   conftest.cpp -lpcre   >&5
configure:17376: $? = 0
configure:17385: result: yes
configure:17393: checking for redisConnect in -lhiredis
configure:17418: g++ -o conftest -g -O2   conftest.cpp -lhiredis   >&5
ld: library not found for -lhiredis
clang: error: linker command failed with exit code 1 (use -v to see invocation)
configure:17418: $? = 1
configure: failed program was:
| /* confdefs.h */
| #define PACKAGE_NAME "myServer"
| #define PACKAGE_TARNAME "myserver"
| #define PACKAGE_VERSION "1.0.0"
| #define PACKAGE_STRING "myServer 1.0.0"
| #define PACKAGE_BUGREPORT "muerbingsha@126.com"
| #define PACKAGE_URL ""
| #define PACKAGE "myserver"
| #define VERSION "1.0.0"
| #define STDC_HEADERS 1
| #define HAVE_SYS_TYPES_H 1
| #define HAVE_SYS_STAT_H 1
| #define HAVE_STDLIB_H 1
| #define HAVE_STRING_H 1
| #define HAVE_MEMORY_H 1
| #define HAVE_STRINGS_H 1
| #define HAVE_INTTYPES_H 1
| #define HAVE_STDINT_H 1
| #define HAVE_UNISTD_H 1
| #define HAVE_DLFCN_H 1
| #define LT_OBJDIR ".libs/"
| #define HAVE_POLL 1
| #define HAVE_SENDFILE 1
| #define HAVE_KQUEUE 1
| #define HAVE_EXECINFO 1
| #define HAVE_DAEMON 1
| #define HAVE_MKOSTEMP 1
| #define HAVE_RWLOCK 1
| #define HAVE_OPENSSL 1
| #define HAVE_PCRE 1
| /* end confdefs.h.  */
| 
| /* Override any GCC internal prototype to avoid an error.
|    Use char because int might match the return type of a GCC
|    builtin and then its argument prototype would still apply.  */
| #ifdef __cplusplus
| extern "C"
| #endif
| char redisConnect ();
| int
| main ()
| {
| return redisConnect ();
|   ;
|   return 0;
| }
configure:17427: result: no
configure:17435: checking for nghttp2_hd_inflate_new in -lnghttp2
configure:17460: g++ -o conftest -g -O2   conftest.cpp -lnghttp2   >&5
configure:17460: $? = 0
configure:17469: result: yes
configure:17484: checking daemon.h usability
configure:17484: g++ -c -g -O2  conftest.cpp >&5
conftest.cpp:66:10: fatal error: 'daemon.h' file not found
#include <daemon.h>
         ^~~~~~~~~~
1 error generated.
configure:17484: $? = 1
configure: failed program was:
| /* confdefs.h */
| #define PACKAGE_NAME "myServer"
| #define PACKAGE_TARNAME "myserver"
| #define PACKAGE_VERSION "1.0.0"
| #define PACKAGE_STRING "myServer 1.0.0"
| #define PACKAGE_BUGREPORT "muerbingsha@126.com"
| #define PACKAGE_URL ""
| #define PACKAGE "myserver"
| #define VERSION "1.0.0"
| #define STDC_HEADERS 1
| #define HAVE_SYS_TYPES_H 1
| #define HAVE_SYS_STAT_H 1
| #define HAVE_STDLIB_H 1
| #define HAVE_STRING_H 1
| #define HAVE_MEMORY_H 1
| #define HAVE_STRINGS_H 1
| #define HAVE_INTTYPES_H 1
| #define HAVE_STDINT_H 1
| #define HAVE_UNISTD_H 1
| #define HAVE_DLFCN_H 1
| #define LT_OBJDIR ".libs/"
| #define HAVE_POLL 1
| #define HAVE_SENDFILE 1
| #define HAVE_KQUEUE 1
| #define HAVE_EXECINFO 1
| #define HAVE_DAEMON 1
| #define HAVE_MKOSTEMP 1
| #define HAVE_RWLOCK 1
| #define HAVE_OPENSSL 1
| #define HAVE_PCRE 1
| #define HAVE_NGHTTP2 1
| /* end confdefs.h.  */
| #include <stdio.h>
| #ifdef HAVE_SYS_TYPES_H
| # include <sys/types.h>
| #endif
| #ifdef HAVE_SYS_STAT_H
| # include <sys/stat.h>
| #endif
| #ifdef STDC_HEADERS
| # include <stdlib.h>
| # include <stddef.h>
| #else
| # ifdef HAVE_STDLIB_H
| #  include <stdlib.h>
| # endif
| #endif
| #ifdef HAVE_STRING_H
| # if !defined STDC_HEADERS && defined HAVE_MEMORY_H
| #  include <memory.h>
| # endif
| # include <string.h>
| #endif
| #ifdef HAVE_STRINGS_H
| # include <strings.h>
| #endif
| #ifdef HAVE_INTTYPES_H
| # include <inttypes.h>
| #endif
| #ifdef HAVE_STDINT_H
| # include <stdint.h>
| #endif
| #ifdef HAVE_UNISTD_H
| # include <unistd.h>
| #endif
| #include <daemon.h>
configure:17484: result: no
configure:17484: checking daemon.h presence
configure:17484: g++ -E  conftest.cpp
conftest.cpp:33:10: fatal error: 'daemon.h' file not found
#include <daemon.h>
         ^~~~~~~~~~
1 error generated.
configure:17484: $? = 1
configure: failed program was:
| /* confdefs.h */
| #define PACKAGE_NAME "myServer"
| #define PACKAGE_TARNAME "myserver"
| #define PACKAGE_VERSION "1.0.0"
| #define PACKAGE_STRING "myServer 1.0.0"
| #define PACKAGE_BUGREPORT "muerbingsha@126.com"
| #define PACKAGE_URL ""
| #define PACKAGE "myserver"
| #define VERSION "1.0.0"
| #define STDC_HEADERS 1
| #define HAVE_SYS_TYPES_H 1
| #define HAVE_SYS_STAT_H 1
| #define HAVE_STDLIB_H 1
| #define HAVE_STRING_H 1
| #define HAVE_MEMORY_H 1
| #define HAVE_STRINGS_H 1
| #define HAVE_INTTYPES_H 1
| #define HAVE_STDINT_H 1
| #define HAVE_UNISTD_H 1
| #define HAVE_DLFCN_H 1
| #define LT_OBJDIR ".libs/"
| #define HAVE_POLL 1
| #define HAVE_SENDFILE 1
| #define HAVE_KQUEUE 1
| #define HAVE_EXECINFO 1
| #define HAVE_DAEMON 1
| #define HAVE_MKOSTEMP 1
| #define HAVE_RWLOCK 1
| #define HAVE_OPENSSL 1
| #define HAVE_PCRE 1
| #define HAVE_NGHTTP2 1
| /* end confdefs.h.  */
| #include <daemon.h>
configure:17484: result: no
configure:17484: checking for daemon.h
configure:17484: result: no
configure:17611: checking that generated files are newer than configure
configure:17617: result: done
configure:17648: creating ./config.status

## ---------------------- ##
## Running config.status. ##
## ---------------------- ##

This file was extended by myServer config.status 1.0.0, which was
generated by GNU Autoconf 2.69.  Invocation command line was

  CONFIG_FILES    = 
  CONFIG_HEADERS  = 
  CONFIG_LINKS    = 
  CONFIG_COMMANDS = 
  $ ./config.status 

on sjdeimac

config.status:1156: creating Makefile
config.status:1156: creating src/Makefile
config.status:1156: creating test/Makefile
config.status:1156: creating config.h
config.status:1337: config.h is unchanged
config.status:1385: executing depfiles commands
config.status:1385: executing libtool commands

## ---------------- ##
## Cache variables. ##
## ---------------- ##

ac_cv_build=x86_64-apple-darwin17.3.0
ac_cv_c_compiler_gnu=yes
ac_cv_cxx_compiler_gnu=yes
ac_cv_env_CCC_set=
ac_cv_env_CCC_value=
ac_cv_env_CC_set=
ac_cv_env_CC_value=
ac_cv_env_CFLAGS_set=
ac_cv_env_CFLAGS_value=
ac_cv_env_CPPFLAGS_set=
ac_cv_env_CPPFLAGS_value=
ac_cv_env_CPP_set=
ac_cv_env_CPP_value=
ac_cv_env_CXXCPP_set=
ac_cv_env_CXXCPP_value=
ac_cv_env_CXXFLAGS_set=
ac_cv_env_CXXFLAGS_value=
ac_cv_env_CXX_set=
ac_cv_env_CXX_value=
ac_cv_env_LDFLAGS_set=
ac_cv_env_LDFLAGS_value=
ac_cv_env_LIBS_set=
ac_cv_env_LIBS_value=
ac_cv_env_LT_SYS_LIBRARY_PATH_set=
ac_cv_env_LT_SYS_LIBRARY_PATH_value=
ac_cv_env_build_alias_set=
ac_cv_env_build_alias_value=
ac_cv_env_host_alias_set=
ac_cv_env_host_alias_value=
ac_cv_env_target_alias_set=
ac_cv_env_target_alias_value=
ac_cv_header_daemon_h=no
ac_cv_header_dlfcn_h=yes
ac_cv_header_inttypes_h=yes
ac_cv_header_memory_h=yes
ac_cv_header_stdc=yes
ac_cv_header_stdint_h=yes
ac_cv_header_stdlib_h=yes
ac_cv_header_string_h=yes
ac_cv_header_strings_h=yes
ac_cv_header_sys_stat_h=yes
ac_cv_header_sys_types_h=yes
ac_cv_header_unistd_h=yes
ac_cv_host=x86_64-apple-darwin17.3.0
ac_cv_lib_c_accept4=no
ac_cv_lib_c_backtrace=yes
ac_cv_lib_c_daemon=yes
ac_cv_lib_c_epoll_create=no
ac_cv_lib_c_eventfd=no
ac_cv_lib_c_inotify_init1=no
ac_cv_lib_c_inotify_init=no
ac_cv_lib_c_kqueue=yes
ac_cv_lib_c_mkostemp=yes
ac_cv_lib_c_poll=yes
ac_cv_lib_c_sendfile=yes
ac_cv_lib_c_signalfd=no
ac_cv_lib_c_timerfd_create=no
ac_cv_lib_hiredis_redisConnect=no
ac_cv_lib_nghttp2_nghttp2_hd_inflate_new=yes
ac_cv_lib_pcre_pcre_compile=yes
ac_cv_lib_pthread_pthread_barrier_init=no
ac_cv_lib_pthread_pthread_mutex_timedlock=no
ac_cv_lib_pthread_pthread_rwlock_init=yes
ac_cv_lib_pthread_pthread_spin_lock=no
ac_cv_lib_ssl_SSL_library_init=yes
ac_cv_objext=o
ac_cv_path_EGREP='/usr/bin/grep -E'
ac_cv_path_FGREP='/usr/bin/grep -F'
ac_cv_path_GREP=/usr/bin/grep
ac_cv_path_SED=/usr/bin/sed
ac_cv_path_install='/usr/local/bin/ginstall -c'
ac_cv_path_lt_DD=/bin/dd
ac_cv_path_mkdir=/usr/local/bin/gmkdir
ac_cv_prog_AWK=awk
ac_cv_prog_CPP='gcc -E'
ac_cv_prog_CXXCPP='g++ -E'
ac_cv_prog_ac_ct_AR=ar
ac_cv_prog_ac_ct_CC=gcc
ac_cv_prog_ac_ct_CXX=g++
ac_cv_prog_ac_ct_DSYMUTIL=dsymutil
ac_cv_prog_ac_ct_LIPO=lipo
ac_cv_prog_ac_ct_NMEDIT=nmedit
ac_cv_prog_ac_ct_OBJDUMP=objdump
ac_cv_prog_ac_ct_OTOOL=otool
ac_cv_prog_ac_ct_RANLIB=ranlib
ac_cv_prog_ac_ct_STRIP=strip
ac_cv_prog_cc_c89=
ac_cv_prog_cc_g=yes
ac_cv_prog_cxx_g=yes
ac_cv_prog_make_make_set=yes
am_cv_CC_dependencies_compiler_type=gcc3
am_cv_CXX_dependencies_compiler_type=gcc3
am_cv_make_support_nested_variables=yes
am_cv_prog_cc_c_o=yes
lt_cv_apple_cc_single_mod=yes
lt_cv_ar_at_file=no
lt_cv_deplibs_check_method=pass_all
lt_cv_file_magic_cmd='$MAGIC_CMD'
lt_cv_file_magic_test_file=
lt_cv_ld_exported_symbols_list=yes
lt_cv_ld_force_load=yes
lt_cv_ld_reload_flag=-r
lt_cv_nm_interface='BSD nm'
lt_cv_objdir=.libs
lt_cv_path_LD=/Applications/Xcode.app/Contents/Developer/Toolchains/XcodeDefault.xctoolchain/usr/bin/ld
lt_cv_path_LDCXX=/Applications/Xcode.app/Contents/Developer/Toolchains/XcodeDefault.xctoolchain/usr/bin/ld
lt_cv_path_NM='/usr/bin/nm -B'
lt_cv_path_mainfest_tool=no
lt_cv_prog_compiler_c_o=yes
lt_cv_prog_compiler_c_o_CXX=yes
lt_cv_prog_compiler_pic='-fno-common -DPIC'
lt_cv_prog_compiler_pic_CXX='-fno-common -DPIC'
lt_cv_prog_compiler_pic_works=yes
lt_cv_prog_compiler_pic_works_CXX=yes
lt_cv_prog_compiler_rtti_exceptions=yes
lt_cv_prog_compiler_static_works=no
lt_cv_prog_compiler_static_works_CXX=no
lt_cv_prog_gnu_ld=no
lt_cv_prog_gnu_ldcxx=no
lt_cv_sharedlib_from_linklib_cmd='printf %s\n'
lt_cv_sys_global_symbol_pipe='sed -n -e '\''s/^.*[	 ]\([BCDEGRST][BCDEGRST]*\)[	 ][	 ]*_\([_A-Za-z][_A-Za-z0-9]*\)$/\1 _\2 \2/p'\'' | sed '\''/ __gnu_lto/d'\'''
lt_cv_sys_global_symbol_to_c_name_address='sed -n -e '\''s/^: \(.*\) .*$/  {"\1", (void *) 0},/p'\'' -e '\''s/^[BCDEGRST][BCDEGRST]* .* \(.*\)$/  {"\1", (void *) \&\1},/p'\'''
lt_cv_sys_global_symbol_to_c_name_address_lib_prefix='sed -n -e '\''s/^: \(.*\) .*$/  {"\1", (void *) 0},/p'\'' -e '\''s/^[BCDEGRST][BCDEGRST]* .* \(lib.*\)$/  {"\1", (void *) \&\1},/p'\'' -e '\''s/^[BCDEGRST][BCDEGRST]* .* \(.*\)$/  {"lib\1", (void *) \&\1},/p'\'''
lt_cv_sys_global_symbol_to_cdecl='sed -n -e '\''s/^T .* \(.*\)$/extern int \1();/p'\'' -e '\''s/^[BCDEGRST][BCDEGRST]* .* \(.*\)$/extern char \1;/p'\'''
lt_cv_sys_global_symbol_to_import=
lt_cv_sys_max_cmd_len=196608
lt_cv_to_host_file_cmd=func_convert_file_noop
lt_cv_to_tool_file_cmd=func_convert_file_noop
lt_cv_truncate_bin='/bin/dd bs=4096 count=1'

## ----------------- ##
## Output variables. ##
## ----------------- ##

ACLOCAL='${SHELL} /Users/sj/documents/TestProjects/myswoole/myswoole/swoole-src-2.0.6/missing aclocal-1.15'
AMDEPBACKSLASH='\'
AMDEP_FALSE='#'
AMDEP_TRUE=''
AMTAR='$${TAR-tar}'
AM_BACKSLASH='\'
AM_DEFAULT_V='$(AM_DEFAULT_VERBOSITY)'
AM_DEFAULT_VERBOSITY='1'
AM_V='$(V)'
AR='ar'
AUTOCONF='${SHELL} /Users/sj/documents/TestProjects/myswoole/myswoole/swoole-src-2.0.6/missing autoconf'
AUTOHEADER='${SHELL} /Users/sj/documents/TestProjects/myswoole/myswoole/swoole-src-2.0.6/missing autoheader'
AUTOMAKE='${SHELL} /Users/sj/documents/TestProjects/myswoole/myswoole/swoole-src-2.0.6/missing automake-1.15'
AWK='awk'
CC='gcc'
CCDEPMODE='depmode=gcc3'
CFLAGS='-g -O2'
CPP='gcc -E'
CPPFLAGS=''
CXX='g++'
CXXCPP='g++ -E'
CXXDEPMODE='depmode=gcc3'
CXXFLAGS='-g -O2'
CYGPATH_W='echo'
DEFS='-DHAVE_CONFIG_H'
DEPDIR='.deps'
DLLTOOL='false'
DSYMUTIL='dsymutil'
DUMPBIN=''
ECHO_C='\c'
ECHO_N=''
ECHO_T=''
EGREP='/usr/bin/grep -E'
EXEEXT=''
FGREP='/usr/bin/grep -F'
GREP='/usr/bin/grep'
INSTALL_DATA='${INSTALL} -m 644'
INSTALL_PROGRAM='${INSTALL}'
INSTALL_SCRIPT='${INSTALL}'
INSTALL_STRIP_PROGRAM='$(install_sh) -c -s'
LD='/Applications/Xcode.app/Contents/Developer/Toolchains/XcodeDefault.xctoolchain/usr/bin/ld'
LDFLAGS=''
LIBOBJS=''
LIBS=''
LIBTOOL='$(SHELL) $(top_builddir)/libtool'
LIPO='lipo'
LN_S='ln -s'
LTLIBOBJS=''
LT_SYS_LIBRARY_PATH=''
MAKEINFO='${SHELL} /Users/sj/documents/TestProjects/myswoole/myswoole/swoole-src-2.0.6/missing makeinfo'
MANIFEST_TOOL=':'
MKDIR_P='/usr/local/bin/gmkdir -p'
MY_APP_VERSION=''
NM='/usr/bin/nm -B'
NMEDIT='nmedit'
OBJDUMP='objdump'
OBJEXT='o'
OTOOL64=':'
OTOOL='otool'
PACKAGE='myserver'
PACKAGE_BUGREPORT='muerbingsha@126.com'
PACKAGE_NAME='myServer'
PACKAGE_STRING='myServer 1.0.0'
PACKAGE_TARNAME='myserver'
PACKAGE_URL=''
PACKAGE_VERSION='1.0.0'
PATH_SEPARATOR=':'
RANLIB='ranlib'
SED='/usr/bin/sed'
SET_MAKE=''
SHELL='/bin/sh'
STRIP='strip'
VERSION='1.0.0'
ac_ct_AR='ar'
ac_ct_CC='gcc'
ac_ct_CXX='g++'
ac_ct_DUMPBIN=''
am__EXEEXT_FALSE=''
am__EXEEXT_TRUE='#'
am__fastdepCC_FALSE='#'
am__fastdepCC_TRUE=''
am__fastdepCXX_FALSE='#'
am__fastdepCXX_TRUE=''
am__include='include'
am__isrc=''
am__leading_dot='.'
am__nodep='_no'
am__quote=''
am__tar='$${TAR-tar} chof - "$$tardir"'
am__untar='$${TAR-tar} xf -'
bindir='${exec_prefix}/bin'
build='x86_64-apple-darwin17.3.0'
build_alias=''
build_cpu='x86_64'
build_os='darwin17.3.0'
build_vendor='apple'
datadir='${datarootdir}'
datarootdir='${prefix}/share'
docdir='${datarootdir}/doc/${PACKAGE_TARNAME}'
dvidir='${docdir}'
exec_prefix='${prefix}'
host='x86_64-apple-darwin17.3.0'
host_alias=''
host_cpu='x86_64'
host_os='darwin17.3.0'
host_vendor='apple'
htmldir='${docdir}'
includedir='${prefix}/include'
infodir='${datarootdir}/info'
install_sh='${SHELL} /Users/sj/documents/TestProjects/myswoole/myswoole/swoole-src-2.0.6/install-sh'
libdir='${exec_prefix}/lib'
libexecdir='${exec_prefix}/libexec'
localedir='${datarootdir}/locale'
localstatedir='${prefix}/var'
mandir='${datarootdir}/man'
mkdir_p='$(MKDIR_P)'
oldincludedir='/usr/include'
pdfdir='${docdir}'
prefix='/usr/local'
program_transform_name='s,x,x,'
psdir='${docdir}'
sbindir='${exec_prefix}/sbin'
sharedstatedir='${prefix}/com'
sysconfdir='${prefix}/etc'
target_alias=''

## ----------- ##
## confdefs.h. ##
## ----------- ##

/* confdefs.h */
#define PACKAGE_NAME "myServer"
#define PACKAGE_TARNAME "myserver"
#define PACKAGE_VERSION "1.0.0"
#define PACKAGE_STRING "myServer 1.0.0"
#define PACKAGE_BUGREPORT "muerbingsha@126.com"
#define PACKAGE_URL ""
#define PACKAGE "myserver"
#define VERSION "1.0.0"
#define STDC_HEADERS 1
#define HAVE_SYS_TYPES_H 1
#define HAVE_SYS_STAT_H 1
#define HAVE_STDLIB_H 1
#define HAVE_STRING_H 1
#define HAVE_MEMORY_H 1
#define HAVE_STRINGS_H 1
#define HAVE_INTTYPES_H 1
#define HAVE_STDINT_H 1
#define HAVE_UNISTD_H 1
#define HAVE_DLFCN_H 1
#define LT_OBJDIR ".libs/"
#define HAVE_POLL 1
#define HAVE_SENDFILE 1
#define HAVE_KQUEUE 1
#define HAVE_EXECINFO 1
#define HAVE_DAEMON 1
#define HAVE_MKOSTEMP 1
#define HAVE_RWLOCK 1
#define HAVE_OPENSSL 1
#define HAVE_PCRE 1
#define HAVE_NGHTTP2 1

configure: exit 0
